2026-07-18 18:24:16 [root] [INFO] Logging system initialized
2026-07-18 18:24:16 [root] [INFO] Initializing serial communication...
2026-07-18 18:24:16 [root] [INFO] Setting up storage observer...
2026-07-18 18:24:16 [root] [INFO] Creating main window...
2026-07-18 18:24:22 [root] [INFO] Starting serial communication...
2026-07-18 18:24:22 [src.core.communicator] [WARNING] Serial port is not open. Attempting to reconnect...
2026-07-18 18:24:22 [src.core.communicator] [ERROR] Serial port error: could not open port 'COM3': FileNotFoundError(2, '系統找不到指定的檔案。', None, 2)
2026-07-18 18:24:22 [src.core.communicator] [INFO] Serial communication started
2026-07-18 18:24:22 [src.core.communicator] [INFO] Retrying... (1/10000)
2026-07-18 18:24:27 [src.core.communicator] [ERROR] Serial port error: could not open port 'COM3': FileNotFoundError(2, '系統找不到指定的檔案。', None, 2)
2026-07-18 18:24:27 [src.core.communicator] [INFO] Retrying... (2/10000)
2026-07-18 19:50:57 [root] [INFO] Logging system initialized
2026-07-18 19:50:57 [root] [INFO] Initializing serial communication...
2026-07-18 19:50:57 [root] [INFO] Setting up storage observer...
2026-07-18 19:50:57 [root] [INFO] Creating main window...
2026-07-18 19:51:00 [root] [INFO] Starting serial communication...
2026-07-18 19:51:00 [src.core.communicator] [WARNING] Serial port is not open. Attempting to reconnect...
2026-07-18 19:51:00 [src.core.communicator] [ERROR] Serial port error/not found: could not open port 'COM3': FileNotFoundError(2, '系統找不到指定的檔案。', None, 2)
2026-07-18 19:51:00 [src.core.communicator] [INFO] Serial communication started
2026-07-18 19:51:00 [src.core.communicator] [INFO] Retrying... (1/10000)
2026-07-18 19:51:05 [src.core.communicator] [ERROR] Serial port error/not found: could not open port 'COM3': FileNotFoundError(2, '系統找不到指定的檔案。', None, 2)
2026-07-18 19:51:05 [src.core.communicator] [INFO] Retrying... (2/10000)
2026-07-18 20:23:37 [root] [INFO] Logging system initialized
2026-07-18 20:23:38 [root] [INFO] Initializing serial communication...
2026-07-18 20:23:38 [root] [INFO] Setting up storage observer...
2026-07-18 20:23:38 [root] [INFO] Creating main window...
2026-07-18 20:23:42 [root] [INFO] Starting serial communication...
2026-07-18 20:23:42 [src.core.communicator] [WARNING] Serial port is not open. Attempting to reconnect...
2026-07-18 20:23:42 [src.core.communicator] [ERROR] Serial port error/not found: could not open port 'COM3': FileNotFoundError(2, '系統找不到指定的檔案。', None, 2)
2026-07-18 20:23:42 [src.core.communicator] [INFO] Serial communication started
2026-07-18 20:23:42 [src.core.communicator] [INFO] Retrying... (1/10000)
2026-07-18 20:23:47 [src.core.communicator] [ERROR] Serial port error/not found: could not open port 'COM3': FileNotFoundError(2, '系統找不到指定的檔案。', None, 2)
2026-07-18 20:23:47 [src.core.communicator] [INFO] Retrying... (2/10000)
2026-07-18 20:23:52 [src.core.communicator] [ERROR] Serial port error/not found: could not open port 'COM3': FileNotFoundError(2, '系統找不到指定的檔案。', None, 2)
2026-07-18 20:23:52 [src.core.communicator] [INFO] Retrying... (3/10000)
2026-07-18 20:23:57 [src.core.communicator] [ERROR] Serial port error/not found: could not open port 'COM3': FileNotFoundError(2, '系統找不到指定的檔案。', None, 2)
2026-07-18 20:23:57 [src.core.communicator] [INFO] Retrying... (4/10000)
2026-07-18 20:24:02 [src.core.communicator] [ERROR] Serial port error/not found: could not open port 'COM3': FileNotFoundError(2, '系統找不到指定的檔案。', None, 2)
2026-07-18 20:24:02 [src.core.communicator] [INFO] Retrying... (5/10000)
2026-07-18 20:24:07 [src.core.communicator] [ERROR] Serial port error/not found: could not open port 'COM3': FileNotFoundError(2, '系統找不到指定的檔案。', None, 2)
2026-07-18 20:24:07 [src.core.communicator] [INFO] Retrying... (6/10000)
2026-07-18 20:24:12 [src.core.communicator] [ERROR] Serial port error/not found: could not open port 'COM3': FileNotFoundError(2, '系統找不到指定的檔案。', None, 2)
2026-07-18 20:24:12 [src.core.communicator] [INFO] Retrying... (7/10000)
2026-07-18 20:24:17 [src.core.communicator] [ERROR] Serial port error/not found: could not open port 'COM3': FileNotFoundError(2, '系統找不到指定的檔案。', None, 2)
2026-07-18 20:24:17 [src.core.communicator] [INFO] Retrying... (8/10000)
2026-07-18 20:24:22 [src.core.communicator] [ERROR] Serial port error/not found: could not open port 'COM3': FileNotFoundError(2, '系統找不到指定的檔案。', None, 2)
2026-07-18 20:24:22 [src.core.communicator] [INFO] Retrying... (9/10000)
2026-07-18 20:24:27 [src.core.communicator] [ERROR] Serial port error/not found: could not open port 'COM3': FileNotFoundError(2, '系統找不到指定的檔案。', None, 2)
2026-07-18 20:24:27 [src.core.communicator] [INFO] Retrying... (10/10000)
2026-07-18 20:24:32 [src.core.communicator] [ERROR] Serial port error/not found: could not open port 'COM3': FileNotFoundError(2, '系統找不到指定的檔案。', None, 2)
2026-07-18 20:24:32 [src.core.communicator] [INFO] Retrying... (11/10000)
2026-07-18 20:24:37 [src.core.communicator] [ERROR] Serial port error/not found: could not open port 'COM3': FileNotFoundError(2, '系統找不到指定的檔案。', None, 2)
2026-07-18 20:24:37 [src.core.communicator] [INFO] Retrying... (12/10000)
2026-07-18 20:24:42 [src.core.communicator] [ERROR] Serial port error/not found: could not open port 'COM3': FileNotFoundError(2, '系統找不到指定的檔案。', None, 2)
2026-07-18 20:24:42 [src.core.communicator] [INFO] Retrying... (13/10000)
2026-07-18 20:24:47 [src.core.communicator] [ERROR] Serial port error/not found: could not open port 'COM3': FileNotFoundError(2, '系統找不到指定的檔案。', None, 2)
2026-07-18 20:24:47 [src.core.communicator] [INFO] Retrying... (14/10000)
2026-07-18 20:24:52 [src.core.communicator] [ERROR] Serial port error/not found: could not open port 'COM3': FileNotFoundError(2, '系統找不到指定的檔案。', None, 2)
2026-07-18 20:24:52 [src.core.communicator] [INFO] Retrying... (15/10000)
2026-07-18 20:24:57 [src.core.communicator] [ERROR] Serial port error/not found: could not open port 'COM3': FileNotFoundError(2, '系統找不到指定的檔案。', None, 2)
2026-07-18 20:24:57 [src.core.communicator] [INFO] Retrying... (16/10000)
2026-07-18 20:25:02 [src.core.communicator] [ERROR] Serial port error/not found: could not open port 'COM3': FileNotFoundError(2, '系統找不到指定的檔案。', None, 2)
2026-07-18 20:25:02 [src.core.communicator] [INFO] Retrying... (17/10000)
2026-07-18 20:25:07 [src.core.communicator] [ERROR] Serial port error/not found: could not open port 'COM3': FileNotFoundError(2, '系統找不到指定的檔案。', None, 2)
2026-07-18 20:25:07 [src.core.communicator] [INFO] Retrying... (18/10000)
2026-07-18 20:25:12 [src.core.communicator] [ERROR] Serial port error/not found: could not open port 'COM3': FileNotFoundError(2, '系統找不到指定的檔案。', None, 2)
2026-07-18 20:25:12 [src.core.communicator] [INFO] Retrying... (19/10000)
2026-07-18 20:25:17 [src.core.communicator] [ERROR] Serial port error/not found: could not open port 'COM3': FileNotFoundError(2, '系統找不到指定的檔案。', None, 2)
2026-07-18 20:25:17 [src.core.communicator] [INFO] Retrying... (20/10000)
2026-07-18 20:25:22 [src.core.communicator] [ERROR] Serial port error/not found: could not open port 'COM3': FileNotFoundError(2, '系統找不到指定的檔案。', None, 2)
2026-07-18 20:25:22 [src.core.communicator] [INFO] Retrying... (21/10000)
2026-07-18 20:25:27 [src.core.communicator] [ERROR] Serial port error/not found: could not open port 'COM3': FileNotFoundError(2, '系統找不到指定的檔案。', None, 2)
2026-07-18 20:25:27 [src.core.communicator] [INFO] Retrying... (22/10000)
2026-07-18 20:25:32 [src.core.communicator] [ERROR] Serial port error/not found: could not open port 'COM3': FileNotFoundError(2, '系統找不到指定的檔案。', None, 2)
2026-07-18 20:25:32 [src.core.communicator] [INFO] Retrying... (23/10000)
2026-07-18 20:25:37 [src.core.communicator] [ERROR] Serial port error/not found: could not open port 'COM3': FileNotFoundError(2, '系統找不到指定的檔案。', None, 2)
2026-07-18 20:25:37 [src.core.communicator] [INFO] Retrying... (24/10000)
2026-07-18 20:25:42 [src.core.communicator] [ERROR] Serial port error/not found: could not open port 'COM3': FileNotFoundError(2, '系統找不到指定的檔案。', None, 2)
2026-07-18 20:25:42 [src.core.communicator] [INFO] Retrying... (25/10000)
2026-07-18 20:25:47 [src.core.communicator] [ERROR] Serial port error/not found: could not open port 'COM3': FileNotFoundError(2, '系統找不到指定的檔案。', None, 2)
2026-07-18 20:25:47 [src.core.communicator] [INFO] Retrying... (26/10000)
2026-07-18 20:25:52 [src.core.communicator] [ERROR] Serial port error/not found: could not open port 'COM3': FileNotFoundError(2, '系統找不到指定的檔案。', None, 2)
2026-07-18 20:25:52 [src.core.communicator] [INFO] Retrying... (27/10000)
2026-07-18 20:25:57 [src.core.communicator] [ERROR] Serial port error/not found: could not open port 'COM3': FileNotFoundError(2, '系統找不到指定的檔案。', None, 2)
2026-07-18 20:25:57 [src.core.communicator] [INFO] Retrying... (28/10000)
2026-07-18 20:26:02 [src.core.communicator] [ERROR] Serial port error/not found: could not open port 'COM3': FileNotFoundError(2, '系統找不到指定的檔案。', None, 2)
2026-07-18 20:26:02 [src.core.communicator] [INFO] Retrying... (29/10000)
2026-07-18 20:26:07 [src.core.communicator] [ERROR] Serial port error/not found: could not open port 'COM3': FileNotFoundError(2, '系統找不到指定的檔案。', None, 2)
2026-07-18 20:26:07 [src.core.communicator] [INFO] Retrying... (30/10000)
2026-07-18 20:26:12 [src.core.communicator] [ERROR] Serial port error/not found: could not open port 'COM3': FileNotFoundError(2, '系統找不到指定的檔案。', None, 2)
2026-07-18 20:26:12 [src.core.communicator] [INFO] Retrying... (31/10000)
2026-07-18 20:26:17 [src.core.communicator] [ERROR] Serial port error/not found: could not open port 'COM3': FileNotFoundError(2, '系統找不到指定的檔案。', None, 2)
2026-07-18 20:26:17 [src.core.communicator] [INFO] Retrying... (32/10000)
2026-07-18 20:26:22 [src.core.communicator] [ERROR] Serial port error/not found: could not open port 'COM3': FileNotFoundError(2, '系統找不到指定的檔案。', None, 2)
2026-07-18 20:26:22 [src.core.communicator] [INFO] Retrying... (33/10000)
2026-07-18 20:26:27 [src.core.communicator] [ERROR] Serial port error/not found: could not open port 'COM3': FileNotFoundError(2, '系統找不到指定的檔案。', None, 2)
2026-07-18 20:26:27 [src.core.communicator] [INFO] Retrying... (34/10000)
2026-07-18 20:26:32 [src.core.communicator] [ERROR] Serial port error/not found: could not open port 'COM3': FileNotFoundError(2, '系統找不到指定的檔案。', None, 2)
2026-07-18 20:26:32 [src.core.communicator] [INFO] Retrying... (35/10000)
2026-07-18 20:26:37 [src.core.communicator] [ERROR] Serial port error/not found: could not open port 'COM3': FileNotFoundError(2, '系統找不到指定的檔案。', None, 2)
2026-07-18 20:26:37 [src.core.communicator] [INFO] Retrying... (36/10000)
2026-07-18 20:26:42 [src.core.communicator] [ERROR] Serial port error/not found: could not open port 'COM3': FileNotFoundError(2, '系統找不到指定的檔案。', None, 2)
2026-07-18 20:26:42 [src.core.communicator] [INFO] Retrying... (37/10000)
2026-07-18 20:26:47 [src.core.communicator] [ERROR] Serial port error/not found: could not open port 'COM3': FileNotFoundError(2, '系統找不到指定的檔案。', None, 2)
2026-07-18 20:26:47 [src.core.communicator] [INFO] Retrying... (38/10000)
2026-07-18 20:26:52 [src.core.communicator] [ERROR] Serial port error/not found: could not open port 'COM3': FileNotFoundError(2, '系統找不到指定的檔案。', None, 2)
2026-07-18 20:26:52 [src.core.communicator] [INFO] Retrying... (39/10000)
2026-07-18 20:26:57 [src.core.communicator] [ERROR] Serial port error/not found: could not open port 'COM3': FileNotFoundError(2, '系統找不到指定的檔案。', None, 2)
2026-07-18 20:26:57 [src.core.communicator] [INFO] Retrying... (40/10000)
2026-07-18 20:27:02 [src.core.communicator] [ERROR] Serial port error/not found: could not open port 'COM3': FileNotFoundError(2, '系統找不到指定的檔案。', None, 2)
2026-07-18 20:27:02 [src.core.communicator] [INFO] Retrying... (41/10000)
2026-07-18 20:27:07 [src.core.communicator] [ERROR] Serial port error/not found: could not open port 'COM3': FileNotFoundError(2, '系統找不到指定的檔案。', None, 2)
2026-07-18 20:27:07 [src.core.communicator] [INFO] Retrying... (42/10000)
2026-07-18 20:27:12 [src.core.communicator] [ERROR] Serial port error/not found: could not open port 'COM3': FileNotFoundError(2, '系統找不到指定的檔案。', None, 2)
2026-07-18 20:27:12 [src.core.communicator] [INFO] Retrying... (43/10000)
2026-07-18 20:27:17 [src.core.communicator] [ERROR] Serial port error/not found: could not open port 'COM3': FileNotFoundError(2, '系統找不到指定的檔案。', None, 2)
2026-07-18 20:27:17 [src.core.communicator] [INFO] Retrying... (44/10000)
2026-07-18 20:27:22 [src.core.communicator] [ERROR] Serial port error/not found: could not open port 'COM3': FileNotFoundError(2, '系統找不到指定的檔案。', None, 2)
2026-07-18 20:27:22 [src.core.communicator] [INFO] Retrying... (45/10000)
2026-07-18 20:27:27 [src.core.communicator] [ERROR] Serial port error/not found: could not open port 'COM3': FileNotFoundError(2, '系統找不到指定的檔案。', None, 2)
2026-07-18 20:27:27 [src.core.communicator] [INFO] Retrying... (46/10000)
2026-07-18 20:27:32 [src.core.communicator] [ERROR] Serial port error/not found: could not open port 'COM3': FileNotFoundError(2, '系統找不到指定的檔案。', None, 2)
2026-07-18 20:27:32 [src.core.communicator] [INFO] Retrying... (47/10000)
2026-07-18 20:27:37 [src.core.communicator] [ERROR] Serial port error/not found: could not open port 'COM3': FileNotFoundError(2, '系統找不到指定的檔案。', None, 2)
2026-07-18 20:27:37 [src.core.communicator] [INFO] Retrying... (48/10000)
2026-07-18 20:27:42 [src.core.communicator] [ERROR] Serial port error/not found: could not open port 'COM3': FileNotFoundError(2, '系統找不到指定的檔案。', None, 2)
2026-07-18 20:27:42 [src.core.communicator] [INFO] Retrying... (49/10000)
2026-07-18 20:27:47 [src.core.communicator] [ERROR] Serial port error/not found: could not open port 'COM3': FileNotFoundError(2, '系統找不到指定的檔案。', None, 2)
2026-07-18 20:27:47 [src.core.communicator] [INFO] Retrying... (50/10000)
2026-07-18 20:27:52 [src.core.communicator] [ERROR] Serial port error/not found: could not open port 'COM3': FileNotFoundError(2, '系統找不到指定的檔案。', None, 2)
2026-07-18 20:27:52 [src.core.communicator] [INFO] Retrying... (51/10000)
2026-07-18 20:27:57 [src.core.communicator] [ERROR] Serial port error/not found: could not open port 'COM3': FileNotFoundError(2, '系統找不到指定的檔案。', None, 2)
2026-07-18 20:27:57 [src.core.communicator] [INFO] Retrying... (52/10000)
2026-07-18 20:28:02 [src.core.communicator] [ERROR] Serial port error/not found: could not open port 'COM3': FileNotFoundError(2, '系統找不到指定的檔案。', None, 2)
2026-07-18 20:28:02 [src.core.communicator] [INFO] Retrying... (53/10000)
2026-07-18 20:28:07 [src.core.communicator] [ERROR] Serial port error/not found: could not open port 'COM3': FileNotFoundError(2, '系統找不到指定的檔案。', None, 2)
2026-07-18 20:28:07 [src.core.communicator] [INFO] Retrying... (54/10000)
2026-07-18 20:28:12 [src.core.communicator] [ERROR] Serial port error/not found: could not open port 'COM3': FileNotFoundError(2, '系統找不到指定的檔案。', None, 2)
2026-07-18 20:28:12 [src.core.communicator] [INFO] Retrying... (55/10000)
2026-07-18 20:28:17 [src.core.communicator] [ERROR] Serial port error/not found: could not open port 'COM3': FileNotFoundError(2, '系統找不到指定的檔案。', None, 2)
2026-07-18 20:28:17 [src.core.communicator] [INFO] Retrying... (56/10000)
2026-07-18 20:28:22 [src.core.communicator] [ERROR] Serial port error/not found: could not open port 'COM3': FileNotFoundError(2, '系統找不到指定的檔案。', None, 2)
2026-07-18 20:28:22 [src.core.communicator] [INFO] Retrying... (57/10000)
2026-07-18 20:28:27 [src.core.communicator] [ERROR] Serial port error/not found: could not open port 'COM3': FileNotFoundError(2, '系統找不到指定的檔案。', None, 2)
2026-07-18 20:28:27 [src.core.communicator] [INFO] Retrying... (58/10000)
2026-07-18 20:28:32 [src.core.communicator] [ERROR] Serial port error/not found: could not open port 'COM3': FileNotFoundError(2, '系統找不到指定的檔案。', None, 2)
2026-07-18 20:28:32 [src.core.communicator] [INFO] Retrying... (59/10000)
2026-07-18 20:28:37 [src.core.communicator] [ERROR] Serial port error/not found: could not open port 'COM3': FileNotFoundError(2, '系統找不到指定的檔案。', None, 2)
2026-07-18 20:28:37 [src.core.communicator] [INFO] Retrying... (60/10000)
2026-07-18 20:28:42 [src.core.communicator] [ERROR] Serial port error/not found: could not open port 'COM3': FileNotFoundError(2, '系統找不到指定的檔案。', None, 2)
2026-07-18 20:28:42 [src.core.communicator] [INFO] Retrying... (61/10000)
2026-07-18 20:28:47 [src.core.communicator] [ERROR] Serial port error/not found: could not open port 'COM3': FileNotFoundError(2, '系統找不到指定的檔案。', None, 2)
2026-07-18 20:28:47 [src.core.communicator] [INFO] Retrying... (62/10000)
2026-07-18 20:28:52 [src.core.communicator] [ERROR] Serial port error/not found: could not open port 'COM3': FileNotFoundError(2, '系統找不到指定的檔案。', None, 2)
2026-07-18 20:28:52 [src.core.communicator] [INFO] Retrying... (63/10000)
2026-07-18 20:28:57 [src.core.communicator] [ERROR] Serial port error/not found: could not open port 'COM3': FileNotFoundError(2, '系統找不到指定的檔案。', None, 2)
2026-07-18 20:28:57 [src.core.communicator] [INFO] Retrying... (64/10000)
2026-07-18 20:29:02 [src.core.communicator] [ERROR] Serial port error/not found: could not open port 'COM3': FileNotFoundError(2, '系統找不到指定的檔案。', None, 2)
2026-07-18 20:29:02 [src.core.communicator] [INFO] Retrying... (65/10000)
2026-07-18 20:29:07 [src.core.communicator] [ERROR] Serial port error/not found: could not open port 'COM3': FileNotFoundError(2, '系統找不到指定的檔案。', None, 2)
2026-07-18 20:29:07 [src.core.communicator] [INFO] Retrying... (66/10000)
2026-07-18 20:29:12 [src.core.communicator] [ERROR] Serial port error/not found: could not open port 'COM3': FileNotFoundError(2, '系統找不到指定的檔案。', None, 2)
2026-07-18 20:29:12 [src.core.communicator] [INFO] Retrying... (67/10000)
2026-07-18 20:29:17 [src.core.communicator] [ERROR] Serial port error/not found: could not open port 'COM3': FileNotFoundError(2, '系統找不到指定的檔案。', None, 2)
2026-07-18 20:29:17 [src.core.communicator] [INFO] Retrying... (68/10000)
2026-07-18 20:29:22 [src.core.communicator] [ERROR] Serial port error/not found: could not open port 'COM3': FileNotFoundError(2, '系統找不到指定的檔案。', None, 2)
2026-07-18 20:29:22 [src.core.communicator] [INFO] Retrying... (69/10000)
2026-07-18 20:29:27 [src.core.communicator] [ERROR] Serial port error/not found: could not open port 'COM3': FileNotFoundError(2, '系統找不到指定的檔案。', None, 2)
2026-07-18 20:29:27 [src.core.communicator] [INFO] Retrying... (70/10000)
2026-07-18 20:29:32 [src.core.communicator] [ERROR] Serial port error/not found: could not open port 'COM3': FileNotFoundError(2, '系統找不到指定的檔案。', None, 2)
2026-07-18 20:29:32 [src.core.communicator] [INFO] Retrying... (71/10000)
2026-07-18 20:29:37 [src.core.communicator] [ERROR] Serial port error/not found: could not open port 'COM3': FileNotFoundError(2, '系統找不到指定的檔案。', None, 2)
2026-07-18 20:29:37 [src.core.communicator] [INFO] Retrying... (72/10000)
2026-07-18 20:29:42 [src.core.communicator] [ERROR] Serial port error/not found: could not open port 'COM3': FileNotFoundError(2, '系統找不到指定的檔案。', None, 2)
2026-07-18 20:29:42 [src.core.communicator] [INFO] Retrying... (73/10000)
2026-07-18 20:29:47 [src.core.communicator] [ERROR] Serial port error/not found: could not open port 'COM3': FileNotFoundError(2, '系統找不到指定的檔案。', None, 2)
2026-07-18 20:29:47 [src.core.communicator] [INFO] Retrying... (74/10000)
2026-07-18 20:29:52 [src.core.communicator] [ERROR] Serial port error/not found: could not open port 'COM3': FileNotFoundError(2, '系統找不到指定的檔案。', None, 2)
2026-07-18 20:29:52 [src.core.communicator] [INFO] Retrying... (75/10000)
2026-07-18 20:29:57 [src.core.communicator] [ERROR] Serial port error/not found: could not open port 'COM3': FileNotFoundError(2, '系統找不到指定的檔案。', None, 2)
2026-07-18 20:29:57 [src.core.communicator] [INFO] Retrying... (76/10000)
2026-07-18 20:30:02 [src.core.communicator] [ERROR] Serial port error/not found: could not open port 'COM3': FileNotFoundError(2, '系統找不到指定的檔案。', None, 2)
2026-07-18 20:30:02 [src.core.communicator] [INFO] Retrying... (77/10000)
2026-07-18 20:30:07 [src.core.communicator] [ERROR] Serial port error/not found: could not open port 'COM3': FileNotFoundError(2, '系統找不到指定的檔案。', None, 2)
2026-07-18 20:30:07 [src.core.communicator] [INFO] Retrying... (78/10000)
2026-07-18 20:30:12 [src.core.communicator] [ERROR] Serial port error/not found: could not open port 'COM3': FileNotFoundError(2, '系統找不到指定的檔案。', None, 2)
2026-07-18 20:30:12 [src.core.communicator] [INFO] Retrying... (79/10000)
2026-07-18 20:30:17 [src.core.communicator] [ERROR] Serial port error/not found: could not open port 'COM3': FileNotFoundError(2, '系統找不到指定的檔案。', None, 2)
2026-07-18 20:30:17 [src.core.communicator] [INFO] Retrying... (80/10000)
2026-07-18 20:30:22 [src.core.communicator] [ERROR] Serial port error/not found: could not open port 'COM3': FileNotFoundError(2, '系統找不到指定的檔案。', None, 2)
2026-07-18 20:30:22 [src.core.communicator] [INFO] Retrying... (81/10000)
2026-07-18 20:30:27 [src.core.communicator] [ERROR] Serial port error/not found: could not open port 'COM3': FileNotFoundError(2, '系統找不到指定的檔案。', None, 2)
2026-07-18 20:30:27 [src.core.communicator] [INFO] Retrying... (82/10000)
2026-07-18 20:30:32 [src.core.communicator] [ERROR] Serial port error/not found: could not open port 'COM3': FileNotFoundError(2, '系統找不到指定的檔案。', None, 2)
2026-07-18 20:30:32 [src.core.communicator] [INFO] Retrying... (83/10000)
2026-07-18 20:30:37 [src.core.communicator] [ERROR] Serial port error/not found: could not open port 'COM3': FileNotFoundError(2, '系統找不到指定的檔案。', None, 2)
2026-07-18 20:30:37 [src.core.communicator] [INFO] Retrying... (84/10000)
2026-07-18 20:30:42 [src.core.communicator] [ERROR] Serial port error/not found: could not open port 'COM3': FileNotFoundError(2, '系統找不到指定的檔案。', None, 2)
2026-07-18 20:30:42 [src.core.communicator] [INFO] Retrying... (85/10000)
2026-07-18 20:30:47 [src.core.communicator] [ERROR] Serial port error/not found: could not open port 'COM3': FileNotFoundError(2, '系統找不到指定的檔案。', None, 2)
2026-07-18 20:30:47 [src.core.communicator] [INFO] Retrying... (86/10000)
2026-07-18 20:30:52 [src.core.communicator] [ERROR] Serial port error/not found: could not open port 'COM3': FileNotFoundError(2, '系統找不到指定的檔案。', None, 2)
2026-07-18 20:30:52 [src.core.communicator] [INFO] Retrying... (87/10000)
2026-07-18 20:30:57 [src.core.communicator] [ERROR] Serial port error/not found: could not open port 'COM3': FileNotFoundError(2, '系統找不到指定的檔案。', None, 2)
2026-07-18 20:30:57 [src.core.communicator] [INFO] Retrying... (88/10000)
2026-07-18 20:31:02 [src.core.communicator] [ERROR] Serial port error/not found: could not open port 'COM3': FileNotFoundError(2, '系統找不到指定的檔案。', None, 2)
2026-07-18 20:31:02 [src.core.communicator] [INFO] Retrying... (89/10000)
2026-07-18 20:31:07 [src.core.communicator] [ERROR] Serial port error/not found: could not open port 'COM3': FileNotFoundError(2, '系統找不到指定的檔案。', None, 2)
2026-07-18 20:31:07 [src.core.communicator] [INFO] Retrying... (90/10000)
2026-07-18 20:31:12 [src.core.communicator] [ERROR] Serial port error/not found: could not open port 'COM3': FileNotFoundError(2, '系統找不到指定的檔案。', None, 2)
2026-07-18 20:31:12 [src.core.communicator] [INFO] Retrying... (91/10000)
2026-07-18 20:31:17 [src.core.communicator] [ERROR] Serial port error/not found: could not open port 'COM3': FileNotFoundError(2, '系統找不到指定的檔案。', None, 2)
2026-07-18 20:31:17 [src.core.communicator] [INFO] Retrying... (92/10000)
2026-07-18 20:31:22 [src.core.communicator] [ERROR] Serial port error/not found: could not open port 'COM3': FileNotFoundError(2, '系統找不到指定的檔案。', None, 2)
2026-07-18 20:31:22 [src.core.communicator] [INFO] Retrying... (93/10000)
2026-07-18 20:31:27 [src.core.communicator] [ERROR] Serial port error/not found: could not open port 'COM3': FileNotFoundError(2, '系統找不到指定的檔案。', None, 2)
2026-07-18 20:31:27 [src.core.communicator] [INFO] Retrying... (94/10000)
2026-07-18 20:31:32 [src.core.communicator] [ERROR] Serial port error/not found: could not open port 'COM3': FileNotFoundError(2, '系統找不到指定的檔案。', None, 2)
2026-07-18 20:31:32 [src.core.communicator] [INFO] Retrying... (95/10000)
2026-07-18 20:31:37 [src.core.communicator] [ERROR] Serial port error/not found: could not open port 'COM3': FileNotFoundError(2, '系統找不到指定的檔案。', None, 2)
2026-07-18 20:31:37 [src.core.communicator] [INFO] Retrying... (96/10000)
2026-07-18 20:31:42 [src.core.communicator] [ERROR] Serial port error/not found: could not open port 'COM3': FileNotFoundError(2, '系統找不到指定的檔案。', None, 2)
2026-07-18 20:31:42 [src.core.communicator] [INFO] Retrying... (97/10000)
2026-07-18 20:31:47 [src.core.communicator] [ERROR] Serial port error/not found: could not open port 'COM3': FileNotFoundError(2, '系統找不到指定的檔案。', None, 2)
2026-07-18 20:31:47 [src.core.communicator] [INFO] Retrying... (98/10000)
2026-07-18 20:31:52 [src.core.communicator] [ERROR] Serial port error/not found: could not open port 'COM3': FileNotFoundError(2, '系統找不到指定的檔案。', None, 2)
2026-07-18 20:31:52 [src.core.communicator] [INFO] Retrying... (99/10000)
2026-07-18 20:31:57 [src.core.communicator] [ERROR] Serial port error/not found: could not open port 'COM3': FileNotFoundError(2, '系統找不到指定的檔案。', None, 2)
2026-07-18 20:31:57 [src.core.communicator] [INFO] Retrying... (100/10000)
2026-07-18 20:32:02 [src.core.communicator] [ERROR] Serial port error/not found: could not open port 'COM3': FileNotFoundError(2, '系統找不到指定的檔案。', None, 2)
2026-07-18 20:32:02 [src.core.communicator] [INFO] Retrying... (101/10000)
2026-07-18 20:32:07 [src.core.communicator] [ERROR] Serial port error/not found: could not open port 'COM3': FileNotFoundError(2, '系統找不到指定的檔案。', None, 2)
2026-07-18 20:32:07 [src.core.communicator] [INFO] Retrying... (102/10000)
2026-07-18 20:32:12 [src.core.communicator] [ERROR] Serial port error/not found: could not open port 'COM3': FileNotFoundError(2, '系統找不到指定的檔案。', None, 2)
2026-07-18 20:32:12 [src.core.communicator] [INFO] Retrying... (103/10000)
2026-07-18 20:32:17 [src.core.communicator] [ERROR] Serial port error/not found: could not open port 'COM3': FileNotFoundError(2, '系統找不到指定的檔案。', None, 2)
2026-07-18 20:32:17 [src.core.communicator] [INFO] Retrying... (104/10000)
2026-07-18 20:32:22 [src.core.communicator] [ERROR] Serial port error/not found: could not open port 'COM3': FileNotFoundError(2, '系統找不到指定的檔案。', None, 2)
2026-07-18 20:32:22 [src.core.communicator] [INFO] Retrying... (105/10000)
2026-07-18 20:32:27 [src.core.communicator] [ERROR] Serial port error/not found: could not open port 'COM3': FileNotFoundError(2, '系統找不到指定的檔案。', None, 2)
2026-07-18 20:32:27 [src.core.communicator] [INFO] Retrying... (106/10000)
2026-07-18 20:32:32 [src.core.communicator] [ERROR] Serial port error/not found: could not open port 'COM3': FileNotFoundError(2, '系統找不到指定的檔案。', None, 2)
2026-07-18 20:32:32 [src.core.communicator] [INFO] Retrying... (107/10000)
2026-07-18 20:32:37 [src.core.communicator] [ERROR] Serial port error/not found: could not open port 'COM3': FileNotFoundError(2, '系統找不到指定的檔案。', None, 2)
2026-07-18 20:32:37 [src.core.communicator] [INFO] Retrying... (108/10000)
2026-07-18 20:32:42 [src.core.communicator] [ERROR] Serial port error/not found: could not open port 'COM3': FileNotFoundError(2, '系統找不到指定的檔案。', None, 2)
2026-07-18 20:32:42 [src.core.communicator] [INFO] Retrying... (109/10000)
2026-07-18 20:32:47 [src.core.communicator] [ERROR] Serial port error/not found: could not open port 'COM3': FileNotFoundError(2, '系統找不到指定的檔案。', None, 2)
2026-07-18 20:32:47 [src.core.communicator] [INFO] Retrying... (110/10000)
2026-07-18 20:32:52 [src.core.communicator] [ERROR] Serial port error/not found: could not open port 'COM3': FileNotFoundError(2, '系統找不到指定的檔案。', None, 2)
2026-07-18 20:32:52 [src.core.communicator] [INFO] Retrying... (111/10000)
2026-07-18 20:32:57 [src.core.communicator] [ERROR] Serial port error/not found: could not open port 'COM3': FileNotFoundError(2, '系統找不到指定的檔案。', None, 2)
2026-07-18 20:32:57 [src.core.communicator] [INFO] Retrying... (112/10000)
2026-07-18 20:33:02 [src.core.communicator] [ERROR] Serial port error/not found: could not open port 'COM3': FileNotFoundError(2, '系統找不到指定的檔案。', None, 2)
2026-07-18 20:33:02 [src.core.communicator] [INFO] Retrying... (113/10000)
2026-07-18 20:33:07 [src.core.communicator] [ERROR] Serial port error/not found: could not open port 'COM3': FileNotFoundError(2, '系統找不到指定的檔案。', None, 2)
2026-07-18 20:33:07 [src.core.communicator] [INFO] Retrying... (114/10000)
2026-07-18 20:33:12 [src.core.communicator] [ERROR] Serial port error/not found: could not open port 'COM3': FileNotFoundError(2, '系統找不到指定的檔案。', None, 2)
2026-07-18 20:33:12 [src.core.communicator] [INFO] Retrying... (115/10000)
2026-07-18 20:33:17 [src.core.communicator] [ERROR] Serial port error/not found: could not open port 'COM3': FileNotFoundError(2, '系統找不到指定的檔案。', None, 2)
2026-07-18 20:33:17 [src.core.communicator] [INFO] Retrying... (116/10000)
2026-07-18 20:33:22 [src.core.communicator] [ERROR] Serial port error/not found: could not open port 'COM3': FileNotFoundError(2, '系統找不到指定的檔案。', None, 2)
2026-07-18 20:33:22 [src.core.communicator] [INFO] Retrying... (117/10000)
2026-07-18 20:33:27 [src.core.communicator] [ERROR] Serial port error/not found: could not open port 'COM3': FileNotFoundError(2, '系統找不到指定的檔案。', None, 2)
2026-07-18 20:33:27 [src.core.communicator] [INFO] Retrying... (118/10000)
2026-07-18 20:33:32 [src.core.communicator] [ERROR] Serial port error/not found: could not open port 'COM3': FileNotFoundError(2, '系統找不到指定的檔案。', None, 2)
2026-07-18 20:33:32 [src.core.communicator] [INFO] Retrying... (119/10000)
2026-07-18 20:33:37 [src.core.communicator] [ERROR] Serial port error/not found: could not open port 'COM3': FileNotFoundError(2, '系統找不到指定的檔案。', None, 2)
2026-07-18 20:33:37 [src.core.communicator] [INFO] Retrying... (120/10000)
2026-07-18 20:33:42 [src.core.communicator] [ERROR] Serial port error/not found: could not open port 'COM3': FileNotFoundError(2, '系統找不到指定的檔案。', None, 2)
2026-07-18 20:33:42 [src.core.communicator] [INFO] Retrying... (121/10000)
2026-07-18 20:33:47 [src.core.communicator] [ERROR] Serial port error/not found: could not open port 'COM3': FileNotFoundError(2, '系統找不到指定的檔案。', None, 2)
2026-07-18 20:33:47 [src.core.communicator] [INFO] Retrying... (122/10000)
2026-07-18 20:33:52 [src.core.communicator] [ERROR] Serial port error/not found: could not open port 'COM3': FileNotFoundError(2, '系統找不到指定的檔案。', None, 2)
2026-07-18 20:33:52 [src.core.communicator] [INFO] Retrying... (123/10000)
2026-07-18 20:33:57 [src.core.communicator] [ERROR] Serial port error/not found: could not open port 'COM3': FileNotFoundError(2, '系統找不到指定的檔案。', None, 2)
2026-07-18 20:33:57 [src.core.communicator] [INFO] Retrying... (124/10000)
2026-07-18 20:34:02 [src.core.communicator] [ERROR] Serial port error/not found: could not open port 'COM3': FileNotFoundError(2, '系統找不到指定的檔案。', None, 2)
2026-07-18 20:34:02 [src.core.communicator] [INFO] Retrying... (125/10000)
2026-07-18 20:34:07 [src.core.communicator] [ERROR] Serial port error/not found: could not open port 'COM3': FileNotFoundError(2, '系統找不到指定的檔案。', None, 2)
2026-07-18 20:34:07 [src.core.communicator] [INFO] Retrying... (126/10000)
2026-07-18 20:34:12 [src.core.communicator] [ERROR] Serial port error/not found: could not open port 'COM3': FileNotFoundError(2, '系統找不到指定的檔案。', None, 2)
2026-07-18 20:34:12 [src.core.communicator] [INFO] Retrying... (127/10000)
2026-07-18 20:34:17 [src.core.communicator] [ERROR] Serial port error/not found: could not open port 'COM3': FileNotFoundError(2, '系統找不到指定的檔案。', None, 2)
2026-07-18 20:34:17 [src.core.communicator] [INFO] Retrying... (128/10000)
2026-07-18 20:34:22 [src.core.communicator] [ERROR] Serial port error/not found: could not open port 'COM3': FileNotFoundError(2, '系統找不到指定的檔案。', None, 2)
2026-07-18 20:34:22 [src.core.communicator] [INFO] Retrying... (129/10000)
2026-07-18 20:34:27 [src.core.communicator] [ERROR] Serial port error/not found: could not open port 'COM3': FileNotFoundError(2, '系統找不到指定的檔案。', None, 2)
2026-07-18 20:34:27 [src.core.communicator] [INFO] Retrying... (130/10000)
2026-07-18 20:34:32 [src.core.communicator] [ERROR] Serial port error/not found: could not open port 'COM3': FileNotFoundError(2, '系統找不到指定的檔案。', None, 2)
2026-07-18 20:34:32 [src.core.communicator] [INFO] Retrying... (131/10000)
2026-07-18 20:34:37 [src.core.communicator] [ERROR] Serial port error/not found: could not open port 'COM3': FileNotFoundError(2, '系統找不到指定的檔案。', None, 2)
2026-07-18 20:34:37 [src.core.communicator] [INFO] Retrying... (132/10000)
2026-07-18 20:34:42 [src.core.communicator] [ERROR] Serial port error/not found: could not open port 'COM3': FileNotFoundError(2, '系統找不到指定的檔案。', None, 2)
2026-07-18 20:34:42 [src.core.communicator] [INFO] Retrying... (133/10000)
2026-07-18 20:34:47 [src.core.communicator] [ERROR] Serial port error/not found: could not open port 'COM3': FileNotFoundError(2, '系統找不到指定的檔案。', None, 2)
2026-07-18 20:34:47 [src.core.communicator] [INFO] Retrying... (134/10000)
2026-07-18 20:34:52 [src.core.communicator] [ERROR] Serial port error/not found: could not open port 'COM3': FileNotFoundError(2, '系統找不到指定的檔案。', None, 2)
2026-07-18 20:34:52 [src.core.communicator] [INFO] Retrying... (135/10000)
2026-07-18 20:34:57 [src.core.communicator] [ERROR] Serial port error/not found: could not open port 'COM3': FileNotFoundError(2, '系統找不到指定的檔案。', None, 2)
2026-07-18 20:34:57 [src.core.communicator] [INFO] Retrying... (136/10000)
2026-07-18 20:35:02 [src.core.communicator] [ERROR] Serial port error/not found: could not open port 'COM3': FileNotFoundError(2, '系統找不到指定的檔案。', None, 2)
2026-07-18 20:35:02 [src.core.communicator] [INFO] Retrying... (137/10000)
2026-07-18 20:35:07 [src.core.communicator] [ERROR] Serial port error/not found: could not open port 'COM3': FileNotFoundError(2, '系統找不到指定的檔案。', None, 2)
2026-07-18 20:35:07 [src.core.communicator] [INFO] Retrying... (138/10000)
2026-07-18 20:35:12 [src.core.communicator] [ERROR] Serial port error/not found: could not open port 'COM3': FileNotFoundError(2, '系統找不到指定的檔案。', None, 2)
2026-07-18 20:35:12 [src.core.communicator] [INFO] Retrying... (139/10000)
2026-07-18 20:35:17 [src.core.communicator] [ERROR] Serial port error/not found: could not open port 'COM3': FileNotFoundError(2, '系統找不到指定的檔案。', None, 2)
2026-07-18 20:35:17 [src.core.communicator] [INFO] Retrying... (140/10000)
2026-07-18 20:35:22 [src.core.communicator] [ERROR] Serial port error/not found: could not open port 'COM3': FileNotFoundError(2, '系統找不到指定的檔案。', None, 2)
2026-07-18 20:35:22 [src.core.communicator] [INFO] Retrying... (141/10000)
2026-07-18 20:35:27 [src.core.communicator] [ERROR] Serial port error/not found: could not open port 'COM3': FileNotFoundError(2, '系統找不到指定的檔案。', None, 2)
2026-07-18 20:35:27 [src.core.communicator] [INFO] Retrying... (142/10000)
2026-07-18 20:35:32 [src.core.communicator] [ERROR] Serial port error/not found: could not open port 'COM3': FileNotFoundError(2, '系統找不到指定的檔案。', None, 2)
2026-07-18 20:35:32 [src.core.communicator] [INFO] Retrying... (143/10000)
2026-07-18 20:35:37 [src.core.communicator] [ERROR] Serial port error/not found: could not open port 'COM3': FileNotFoundError(2, '系統找不到指定的檔案。', None, 2)
2026-07-18 20:35:37 [src.core.communicator] [INFO] Retrying... (144/10000)
2026-07-18 20:35:42 [src.core.communicator] [ERROR] Serial port error/not found: could not open port 'COM3': FileNotFoundError(2, '系統找不到指定的檔案。', None, 2)
2026-07-18 20:35:42 [src.core.communicator] [INFO] Retrying... (145/10000)
2026-07-18 20:35:47 [src.core.communicator] [ERROR] Serial port error/not found: could not open port 'COM3': FileNotFoundError(2, '系統找不到指定的檔案。', None, 2)
2026-07-18 20:35:47 [src.core.communicator] [INFO] Retrying... (146/10000)
2026-07-18 20:35:52 [src.core.communicator] [ERROR] Serial port error/not found: could not open port 'COM3': FileNotFoundError(2, '系統找不到指定的檔案。', None, 2)
2026-07-18 20:35:52 [src.core.communicator] [INFO] Retrying... (147/10000)
2026-07-18 20:35:57 [src.core.communicator] [ERROR] Serial port error/not found: could not open port 'COM3': FileNotFoundError(2, '系統找不到指定的檔案。', None, 2)
2026-07-18 20:35:57 [src.core.communicator] [INFO] Retrying... (148/10000)
2026-07-18 20:36:02 [src.core.communicator] [ERROR] Serial port error/not found: could not open port 'COM3': FileNotFoundError(2, '系統找不到指定的檔案。', None, 2)
2026-07-18 20:36:02 [src.core.communicator] [INFO] Retrying... (149/10000)
2026-07-18 20:36:07 [src.core.communicator] [ERROR] Serial port error/not found: could not open port 'COM3': FileNotFoundError(2, '系統找不到指定的檔案。', None, 2)
2026-07-18 20:36:07 [src.core.communicator] [INFO] Retrying... (150/10000)
2026-07-18 20:36:12 [src.core.communicator] [ERROR] Serial port error/not found: could not open port 'COM3': FileNotFoundError(2, '系統找不到指定的檔案。', None, 2)
2026-07-18 20:36:12 [src.core.communicator] [INFO] Retrying... (151/10000)
2026-07-18 20:36:17 [src.core.communicator] [ERROR] Serial port error/not found: could not open port 'COM3': FileNotFoundError(2, '系統找不到指定的檔案。', None, 2)
2026-07-18 20:36:17 [src.core.communicator] [INFO] Retrying... (152/10000)
2026-07-18 20:36:22 [src.core.communicator] [ERROR] Serial port error/not found: could not open port 'COM3': FileNotFoundError(2, '系統找不到指定的檔案。', None, 2)
2026-07-18 20:36:22 [src.core.communicator] [INFO] Retrying... (153/10000)
2026-07-18 20:36:27 [src.core.communicator] [ERROR] Serial port error/not found: could not open port 'COM3': FileNotFoundError(2, '系統找不到指定的檔案。', None, 2)
2026-07-18 20:36:27 [src.core.communicator] [INFO] Retrying... (154/10000)
2026-07-18 20:36:32 [src.core.communicator] [ERROR] Serial port error/not found: could not open port 'COM3': FileNotFoundError(2, '系統找不到指定的檔案。', None, 2)
2026-07-18 20:36:32 [src.core.communicator] [INFO] Retrying... (155/10000)
2026-07-18 20:36:37 [src.core.communicator] [ERROR] Serial port error/not found: could not open port 'COM3': FileNotFoundError(2, '系統找不到指定的檔案。', None, 2)
2026-07-18 20:36:37 [src.core.communicator] [INFO] Retrying... (156/10000)
2026-07-18 20:36:42 [src.core.communicator] [ERROR] Serial port error/not found: could not open port 'COM3': FileNotFoundError(2, '系統找不到指定的檔案。', None, 2)
2026-07-18 20:36:42 [src.core.communicator] [INFO] Retrying... (157/10000)
2026-07-18 20:36:47 [src.core.communicator] [ERROR] Serial port error/not found: could not open port 'COM3': FileNotFoundError(2, '系統找不到指定的檔案。', None, 2)
2026-07-18 20:36:47 [src.core.communicator] [INFO] Retrying... (158/10000)
2026-07-18 20:36:52 [src.core.communicator] [ERROR] Serial port error/not found: could not open port 'COM3': FileNotFoundError(2, '系統找不到指定的檔案。', None, 2)
2026-07-18 20:36:52 [src.core.communicator] [INFO] Retrying... (159/10000)
2026-07-18 20:36:57 [src.core.communicator] [ERROR] Serial port error/not found: could not open port 'COM3': FileNotFoundError(2, '系統找不到指定的檔案。', None, 2)
2026-07-18 20:36:57 [src.core.communicator] [INFO] Retrying... (160/10000)
2026-07-18 20:37:02 [src.core.communicator] [ERROR] Serial port error/not found: could not open port 'COM3': FileNotFoundError(2, '系統找不到指定的檔案。', None, 2)
2026-07-18 20:37:02 [src.core.communicator] [INFO] Retrying... (161/10000)
2026-07-18 20:37:07 [src.core.communicator] [ERROR] Serial port error/not found: could not open port 'COM3': FileNotFoundError(2, '系統找不到指定的檔案。', None, 2)
2026-07-18 20:37:07 [src.core.communicator] [INFO] Retrying... (162/10000)
2026-07-18 20:37:12 [src.core.communicator] [ERROR] Serial port error/not found: could not open port 'COM3': FileNotFoundError(2, '系統找不到指定的檔案。', None, 2)
2026-07-18 20:37:12 [src.core.communicator] [INFO] Retrying... (163/10000)
2026-07-18 20:37:17 [src.core.communicator] [ERROR] Serial port error/not found: could not open port 'COM3': FileNotFoundError(2, '系統找不到指定的檔案。', None, 2)
2026-07-18 20:37:17 [src.core.communicator] [INFO] Retrying... (164/10000)
2026-07-18 20:37:22 [src.core.communicator] [ERROR] Serial port error/not found: could not open port 'COM3': FileNotFoundError(2, '系統找不到指定的檔案。', None, 2)
2026-07-18 20:37:22 [src.core.communicator] [INFO] Retrying... (165/10000)
2026-07-18 20:37:27 [src.core.communicator] [ERROR] Serial port error/not found: could not open port 'COM3': FileNotFoundError(2, '系統找不到指定的檔案。', None, 2)
2026-07-18 20:37:27 [src.core.communicator] [INFO] Retrying... (166/10000)
2026-07-18 20:37:32 [src.core.communicator] [ERROR] Serial port error/not found: could not open port 'COM3': FileNotFoundError(2, '系統找不到指定的檔案。', None, 2)
2026-07-18 20:37:32 [src.core.communicator] [INFO] Retrying... (167/10000)
2026-07-18 20:37:37 [src.core.communicator] [ERROR] Serial port error/not found: could not open port 'COM3': FileNotFoundError(2, '系統找不到指定的檔案。', None, 2)
2026-07-18 20:37:37 [src.core.communicator] [INFO] Retrying... (168/10000)
2026-07-18 20:37:42 [src.core.communicator] [ERROR] Serial port error/not found: could not open port 'COM3': FileNotFoundError(2, '系統找不到指定的檔案。', None, 2)
2026-07-18 20:37:42 [src.core.communicator] [INFO] Retrying... (169/10000)
2026-07-18 20:37:47 [src.core.communicator] [ERROR] Serial port error/not found: could not open port 'COM3': FileNotFoundError(2, '系統找不到指定的檔案。', None, 2)
2026-07-18 20:37:47 [src.core.communicator] [INFO] Retrying... (170/10000)
2026-07-18 20:37:52 [src.core.communicator] [ERROR] Serial port error/not found: could not open port 'COM3': FileNotFoundError(2, '系統找不到指定的檔案。', None, 2)
2026-07-18 20:37:52 [src.core.communicator] [INFO] Retrying... (171/10000)
2026-07-18 20:37:57 [src.core.communicator] [ERROR] Serial port error/not found: could not open port 'COM3': FileNotFoundError(2, '系統找不到指定的檔案。', None, 2)
2026-07-18 20:37:57 [src.core.communicator] [INFO] Retrying... (172/10000)
2026-07-18 20:38:02 [src.core.communicator] [ERROR] Serial port error/not found: could not open port 'COM3': FileNotFoundError(2, '系統找不到指定的檔案。', None, 2)
2026-07-18 20:38:02 [src.core.communicator] [INFO] Retrying... (173/10000)
2026-07-18 20:38:07 [src.core.communicator] [ERROR] Serial port error/not found: could not open port 'COM3': FileNotFoundError(2, '系統找不到指定的檔案。', None, 2)
2026-07-18 20:38:07 [src.core.communicator] [INFO] Retrying... (174/10000)
2026-07-18 20:38:12 [src.core.communicator] [ERROR] Serial port error/not found: could not open port 'COM3': FileNotFoundError(2, '系統找不到指定的檔案。', None, 2)
2026-07-18 20:38:12 [src.core.communicator] [INFO] Retrying... (175/10000)
2026-07-18 20:38:17 [src.core.communicator] [ERROR] Serial port error/not found: could not open port 'COM3': FileNotFoundError(2, '系統找不到指定的檔案。', None, 2)
2026-07-18 20:38:17 [src.core.communicator] [INFO] Retrying... (176/10000)
2026-07-18 20:38:22 [src.core.communicator] [ERROR] Serial port error/not found: could not open port 'COM3': FileNotFoundError(2, '系統找不到指定的檔案。', None, 2)
2026-07-18 20:38:22 [src.core.communicator] [INFO] Retrying... (177/10000)
2026-07-18 20:38:27 [src.core.communicator] [ERROR] Serial port error/not found: could not open port 'COM3': FileNotFoundError(2, '系統找不到指定的檔案。', None, 2)
2026-07-18 20:38:27 [src.core.communicator] [INFO] Retrying... (178/10000)
2026-07-18 20:38:32 [src.core.communicator] [ERROR] Serial port error/not found: could not open port 'COM3': FileNotFoundError(2, '系統找不到指定的檔案。', None, 2)
2026-07-18 20:38:32 [src.core.communicator] [INFO] Retrying... (179/10000)
2026-07-18 20:38:37 [src.core.communicator] [ERROR] Serial port error/not found: could not open port 'COM3': FileNotFoundError(2, '系統找不到指定的檔案。', None, 2)
2026-07-18 20:38:37 [src.core.communicator] [INFO] Retrying... (180/10000)
2026-07-18 20:38:42 [src.core.communicator] [ERROR] Serial port error/not found: could not open port 'COM3': FileNotFoundError(2, '系統找不到指定的檔案。', None, 2)
2026-07-18 20:38:42 [src.core.communicator] [INFO] Retrying... (181/10000)
2026-07-18 20:38:47 [src.core.communicator] [ERROR] Serial port error/not found: could not open port 'COM3': FileNotFoundError(2, '系統找不到指定的檔案。', None, 2)
2026-07-18 20:38:47 [src.core.communicator] [INFO] Retrying... (182/10000)
2026-07-18 20:38:52 [src.core.communicator] [ERROR] Serial port error/not found: could not open port 'COM3': FileNotFoundError(2, '系統找不到指定的檔案。', None, 2)
2026-07-18 20:38:52 [src.core.communicator] [INFO] Retrying... (183/10000)
2026-07-18 20:38:57 [src.core.communicator] [ERROR] Serial port error/not found: could not open port 'COM3': FileNotFoundError(2, '系統找不到指定的檔案。', None, 2)
2026-07-18 20:38:57 [src.core.communicator] [INFO] Retrying... (184/10000)
2026-07-18 20:39:02 [src.core.communicator] [ERROR] Serial port error/not found: could not open port 'COM3': FileNotFoundError(2, '系統找不到指定的檔案。', None, 2)
2026-07-18 20:39:02 [src.core.communicator] [INFO] Retrying... (185/10000)
2026-07-18 20:39:07 [src.core.communicator] [ERROR] Serial port error/not found: could not open port 'COM3': FileNotFoundError(2, '系統找不到指定的檔案。', None, 2)
2026-07-18 20:39:07 [src.core.communicator] [INFO] Retrying... (186/10000)
2026-07-18 20:39:12 [src.core.communicator] [ERROR] Serial port error/not found: could not open port 'COM3': FileNotFoundError(2, '系統找不到指定的檔案。', None, 2)
2026-07-18 20:39:12 [src.core.communicator] [INFO] Retrying... (187/10000)
2026-07-18 20:39:17 [src.core.communicator] [ERROR] Serial port error/not found: could not open port 'COM3': FileNotFoundError(2, '系統找不到指定的檔案。', None, 2)
2026-07-18 20:39:17 [src.core.communicator] [INFO] Retrying... (188/10000)
2026-07-18 20:39:22 [src.core.communicator] [ERROR] Serial port error/not found: could not open port 'COM3': FileNotFoundError(2, '系統找不到指定的檔案。', None, 2)
2026-07-18 20:39:22 [src.core.communicator] [INFO] Retrying... (189/10000)
2026-07-18 20:39:27 [src.core.communicator] [ERROR] Serial port error/not found: could not open port 'COM3': FileNotFoundError(2, '系統找不到指定的檔案。', None, 2)
2026-07-18 20:39:27 [src.core.communicator] [INFO] Retrying... (190/10000)
2026-07-18 20:39:32 [src.core.communicator] [ERROR] Serial port error/not found: could not open port 'COM3': FileNotFoundError(2, '系統找不到指定的檔案。', None, 2)
2026-07-18 20:39:32 [src.core.communicator] [INFO] Retrying... (191/10000)
2026-07-18 20:39:37 [src.core.communicator] [ERROR] Serial port error/not found: could not open port 'COM3': FileNotFoundError(2, '系統找不到指定的檔案。', None, 2)
2026-07-18 20:39:37 [src.core.communicator] [INFO] Retrying... (192/10000)
2026-07-18 20:39:42 [src.core.communicator] [ERROR] Serial port error/not found: could not open port 'COM3': FileNotFoundError(2, '系統找不到指定的檔案。', None, 2)
2026-07-18 20:39:42 [src.core.communicator] [INFO] Retrying... (193/10000)
2026-07-18 20:39:47 [src.core.communicator] [ERROR] Serial port error/not found: could not open port 'COM3': FileNotFoundError(2, '系統找不到指定的檔案。', None, 2)
2026-07-18 20:39:47 [src.core.communicator] [INFO] Retrying... (194/10000)
2026-07-18 20:39:52 [src.core.communicator] [ERROR] Serial port error/not found: could not open port 'COM3': FileNotFoundError(2, '系統找不到指定的檔案。', None, 2)
2026-07-18 20:39:52 [src.core.communicator] [INFO] Retrying... (195/10000)
2026-07-18 20:39:57 [src.core.communicator] [ERROR] Serial port error/not found: could not open port 'COM3': FileNotFoundError(2, '系統找不到指定的檔案。', None, 2)
2026-07-18 20:39:57 [src.core.communicator] [INFO] Retrying... (196/10000)
2026-07-18 20:40:02 [src.core.communicator] [ERROR] Serial port error/not found: could not open port 'COM3': FileNotFoundError(2, '系統找不到指定的檔案。', None, 2)
2026-07-18 20:40:02 [src.core.communicator] [INFO] Retrying... (197/10000)
2026-07-18 20:40:07 [src.core.communicator] [ERROR] Serial port error/not found: could not open port 'COM3': FileNotFoundError(2, '系統找不到指定的檔案。', None, 2)
2026-07-18 20:40:07 [src.core.communicator] [INFO] Retrying... (198/10000)
2026-07-18 20:40:12 [src.core.communicator] [ERROR] Serial port error/not found: could not open port 'COM3': FileNotFoundError(2, '系統找不到指定的檔案。', None, 2)
2026-07-18 20:40:12 [src.core.communicator] [INFO] Retrying... (199/10000)
2026-07-18 20:40:17 [src.core.communicator] [ERROR] Serial port error/not found: could not open port 'COM3': FileNotFoundError(2, '系統找不到指定的檔案。', None, 2)
2026-07-18 20:40:17 [src.core.communicator] [INFO] Retrying... (200/10000)
2026-07-18 20:40:22 [src.core.communicator] [ERROR] Serial port error/not found: could not open port 'COM3': FileNotFoundError(2, '系統找不到指定的檔案。', None, 2)
2026-07-18 20:40:22 [src.core.communicator] [INFO] Retrying... (201/10000)
2026-07-18 20:40:27 [src.core.communicator] [ERROR] Serial port error/not found: could not open port 'COM3': FileNotFoundError(2, '系統找不到指定的檔案。', None, 2)
2026-07-18 20:40:27 [src.core.communicator] [INFO] Retrying... (202/10000)
2026-07-18 20:40:32 [src.core.communicator] [ERROR] Serial port error/not found: could not open port 'COM3': FileNotFoundError(2, '系統找不到指定的檔案。', None, 2)
2026-07-18 20:40:32 [src.core.communicator] [INFO] Retrying... (203/10000)
2026-07-18 20:40:37 [src.core.communicator] [ERROR] Serial port error/not found: could not open port 'COM3': FileNotFoundError(2, '系統找不到指定的檔案。', None, 2)
2026-07-18 20:40:37 [src.core.communicator] [INFO] Retrying... (204/10000)
2026-07-18 20:40:42 [src.core.communicator] [ERROR] Serial port error/not found: could not open port 'COM3': FileNotFoundError(2, '系統找不到指定的檔案。', None, 2)
2026-07-18 20:40:42 [src.core.communicator] [INFO] Retrying... (205/10000)
2026-07-18 20:40:47 [src.core.communicator] [ERROR] Serial port error/not found: could not open port 'COM3': FileNotFoundError(2, '系統找不到指定的檔案。', None, 2)
2026-07-18 20:40:47 [src.core.communicator] [INFO] Retrying... (206/10000)
2026-07-18 20:40:52 [src.core.communicator] [ERROR] Serial port error/not found: could not open port 'COM3': FileNotFoundError(2, '系統找不到指定的檔案。', None, 2)
2026-07-18 20:40:52 [src.core.communicator] [INFO] Retrying... (207/10000)
2026-07-18 20:40:57 [src.core.communicator] [ERROR] Serial port error/not found: could not open port 'COM3': FileNotFoundError(2, '系統找不到指定的檔案。', None, 2)
2026-07-18 20:40:57 [src.core.communicator] [INFO] Retrying... (208/10000)
2026-07-18 20:41:02 [src.core.communicator] [ERROR] Serial port error/not found: could not open port 'COM3': FileNotFoundError(2, '系統找不到指定的檔案。', None, 2)
2026-07-18 20:41:02 [src.core.communicator] [INFO] Retrying... (209/10000)
2026-07-18 20:41:07 [src.core.communicator] [ERROR] Serial port error/not found: could not open port 'COM3': FileNotFoundError(2, '系統找不到指定的檔案。', None, 2)
2026-07-18 20:41:07 [src.core.communicator] [INFO] Retrying... (210/10000)
2026-07-18 20:41:12 [src.core.communicator] [ERROR] Serial port error/not found: could not open port 'COM3': FileNotFoundError(2, '系統找不到指定的檔案。', None, 2)
2026-07-18 20:41:12 [src.core.communicator] [INFO] Retrying... (211/10000)
2026-07-18 20:41:17 [src.core.communicator] [ERROR] Serial port error/not found: could not open port 'COM3': FileNotFoundError(2, '系統找不到指定的檔案。', None, 2)
2026-07-18 20:41:17 [src.core.communicator] [INFO] Retrying... (212/10000)
2026-07-18 20:41:22 [src.core.communicator] [ERROR] Serial port error/not found: could not open port 'COM3': FileNotFoundError(2, '系統找不到指定的檔案。', None, 2)
2026-07-18 20:41:22 [src.core.communicator] [INFO] Retrying... (213/10000)
2026-07-18 20:41:27 [src.core.communicator] [ERROR] Serial port error/not found: could not open port 'COM3': FileNotFoundError(2, '系統找不到指定的檔案。', None, 2)
2026-07-18 20:41:27 [src.core.communicator] [INFO] Retrying... (214/10000)
2026-07-18 20:41:32 [src.core.communicator] [ERROR] Serial port error/not found: could not open port 'COM3': FileNotFoundError(2, '系統找不到指定的檔案。', None, 2)
2026-07-18 20:41:32 [src.core.communicator] [INFO] Retrying... (215/10000)
2026-07-18 20:41:37 [src.core.communicator] [ERROR] Serial port error/not found: could not open port 'COM3': FileNotFoundError(2, '系統找不到指定的檔案。', None, 2)
2026-07-18 20:41:37 [src.core.communicator] [INFO] Retrying... (216/10000)
2026-07-18 20:41:42 [src.core.communicator] [ERROR] Serial port error/not found: could not open port 'COM3': FileNotFoundError(2, '系統找不到指定的檔案。', None, 2)
2026-07-18 20:41:42 [src.core.communicator] [INFO] Retrying... (217/10000)
2026-07-18 20:41:47 [src.core.communicator] [ERROR] Serial port error/not found: could not open port 'COM3': FileNotFoundError(2, '系統找不到指定的檔案。', None, 2)
2026-07-18 20:41:47 [src.core.communicator] [INFO] Retrying... (218/10000)
2026-07-18 20:41:52 [src.core.communicator] [ERROR] Serial port error/not found: could not open port 'COM3': FileNotFoundError(2, '系統找不到指定的檔案。', None, 2)
2026-07-18 20:41:52 [src.core.communicator] [INFO] Retrying... (219/10000)
2026-07-18 20:41:57 [src.core.communicator] [ERROR] Serial port error/not found: could not open port 'COM3': FileNotFoundError(2, '系統找不到指定的檔案。', None, 2)
2026-07-18 20:41:57 [src.core.communicator] [INFO] Retrying... (220/10000)
2026-07-18 20:42:02 [src.core.communicator] [ERROR] Serial port error/not found: could not open port 'COM3': FileNotFoundError(2, '系統找不到指定的檔案。', None, 2)
2026-07-18 20:42:02 [src.core.communicator] [INFO] Retrying... (221/10000)
2026-07-18 20:42:07 [src.core.communicator] [ERROR] Serial port error/not found: could not open port 'COM3': FileNotFoundError(2, '系統找不到指定的檔案。', None, 2)
2026-07-18 20:42:07 [src.core.communicator] [INFO] Retrying... (222/10000)
2026-07-18 20:42:12 [src.core.communicator] [ERROR] Serial port error/not found: could not open port 'COM3': FileNotFoundError(2, '系統找不到指定的檔案。', None, 2)
2026-07-18 20:42:12 [src.core.communicator] [INFO] Retrying... (223/10000)
2026-07-18 20:42:17 [src.core.communicator] [ERROR] Serial port error/not found: could not open port 'COM3': FileNotFoundError(2, '系統找不到指定的檔案。', None, 2)
2026-07-18 20:42:17 [src.core.communicator] [INFO] Retrying... (224/10000)
2026-07-18 20:42:22 [src.core.communicator] [ERROR] Serial port error/not found: could not open port 'COM3': FileNotFoundError(2, '系統找不到指定的檔案。', None, 2)
2026-07-18 20:42:22 [src.core.communicator] [INFO] Retrying... (225/10000)
2026-07-18 20:42:27 [src.core.communicator] [ERROR] Serial port error/not found: could not open port 'COM3': FileNotFoundError(2, '系統找不到指定的檔案。', None, 2)
2026-07-18 20:42:27 [src.core.communicator] [INFO] Retrying... (226/10000)
2026-07-18 20:42:32 [src.core.communicator] [ERROR] Serial port error/not found: could not open port 'COM3': FileNotFoundError(2, '系統找不到指定的檔案。', None, 2)
2026-07-18 20:42:32 [src.core.communicator] [INFO] Retrying... (227/10000)
2026-07-18 20:42:37 [src.core.communicator] [ERROR] Serial port error/not found: could not open port 'COM3': FileNotFoundError(2, '系統找不到指定的檔案。', None, 2)
2026-07-18 20:42:37 [src.core.communicator] [INFO] Retrying... (228/10000)
2026-07-18 20:42:42 [src.core.communicator] [ERROR] Serial port error/not found: could not open port 'COM3': FileNotFoundError(2, '系統找不到指定的檔案。', None, 2)
2026-07-18 20:42:42 [src.core.communicator] [INFO] Retrying... (229/10000)
2026-07-18 20:42:47 [src.core.communicator] [ERROR] Serial port error/not found: could not open port 'COM3': FileNotFoundError(2, '系統找不到指定的檔案。', None, 2)
2026-07-18 20:42:47 [src.core.communicator] [INFO] Retrying... (230/10000)
2026-07-18 20:42:52 [src.core.communicator] [ERROR] Serial port error/not found: could not open port 'COM3': FileNotFoundError(2, '系統找不到指定的檔案。', None, 2)
2026-07-18 20:42:52 [src.core.communicator] [INFO] Retrying... (231/10000)
2026-07-18 20:42:57 [src.core.communicator] [ERROR] Serial port error/not found: could not open port 'COM3': FileNotFoundError(2, '系統找不到指定的檔案。', None, 2)
2026-07-18 20:42:57 [src.core.communicator] [INFO] Retrying... (232/10000)
2026-07-18 20:43:02 [src.core.communicator] [ERROR] Serial port error/not found: could not open port 'COM3': FileNotFoundError(2, '系統找不到指定的檔案。', None, 2)
2026-07-18 20:43:02 [src.core.communicator] [INFO] Retrying... (233/10000)
2026-07-18 20:43:07 [src.core.communicator] [ERROR] Serial port error/not found: could not open port 'COM3': FileNotFoundError(2, '系統找不到指定的檔案。', None, 2)
2026-07-18 20:43:07 [src.core.communicator] [INFO] Retrying... (234/10000)
2026-07-18 20:43:12 [src.core.communicator] [ERROR] Serial port error/not found: could not open port 'COM3': FileNotFoundError(2, '系統找不到指定的檔案。', None, 2)
2026-07-18 20:43:12 [src.core.communicator] [INFO] Retrying... (235/10000)
2026-07-18 20:43:17 [src.core.communicator] [ERROR] Serial port error/not found: could not open port 'COM3': FileNotFoundError(2, '系統找不到指定的檔案。', None, 2)
2026-07-18 20:43:17 [src.core.communicator] [INFO] Retrying... (236/10000)
2026-07-18 20:43:22 [src.core.communicator] [ERROR] Serial port error/not found: could not open port 'COM3': FileNotFoundError(2, '系統找不到指定的檔案。', None, 2)
2026-07-18 20:43:22 [src.core.communicator] [INFO] Retrying... (237/10000)
2026-07-18 20:43:27 [src.core.communicator] [ERROR] Serial port error/not found: could not open port 'COM3': FileNotFoundError(2, '系統找不到指定的檔案。', None, 2)
2026-07-18 20:43:27 [src.core.communicator] [INFO] Retrying... (238/10000)
2026-07-18 20:43:32 [src.core.communicator] [ERROR] Serial port error/not found: could not open port 'COM3': FileNotFoundError(2, '系統找不到指定的檔案。', None, 2)
2026-07-18 20:43:32 [src.core.communicator] [INFO] Retrying... (239/10000)
2026-07-18 20:43:37 [src.core.communicator] [ERROR] Serial port error/not found: could not open port 'COM3': FileNotFoundError(2, '系統找不到指定的檔案。', None, 2)
2026-07-18 20:43:37 [src.core.communicator] [INFO] Retrying... (240/10000)
2026-07-18 20:43:42 [src.core.communicator] [ERROR] Serial port error/not found: could not open port 'COM3': FileNotFoundError(2, '系統找不到指定的檔案。', None, 2)
2026-07-18 20:43:42 [src.core.communicator] [INFO] Retrying... (241/10000)
2026-07-18 20:43:47 [src.core.communicator] [ERROR] Serial port error/not found: could not open port 'COM3': FileNotFoundError(2, '系統找不到指定的檔案。', None, 2)
2026-07-18 20:43:47 [src.core.communicator] [INFO] Retrying... (242/10000)
2026-07-18 20:43:52 [src.core.communicator] [ERROR] Serial port error/not found: could not open port 'COM3': FileNotFoundError(2, '系統找不到指定的檔案。', None, 2)
2026-07-18 20:43:52 [src.core.communicator] [INFO] Retrying... (243/10000)
2026-07-18 20:43:57 [src.core.communicator] [ERROR] Serial port error/not found: could not open port 'COM3': FileNotFoundError(2, '系統找不到指定的檔案。', None, 2)
2026-07-18 20:43:57 [src.core.communicator] [INFO] Retrying... (244/10000)
2026-07-18 20:44:03 [src.core.communicator] [ERROR] Serial port error/not found: could not open port 'COM3': FileNotFoundError(2, '系統找不到指定的檔案。', None, 2)
2026-07-18 20:44:03 [src.core.communicator] [INFO] Retrying... (245/10000)
2026-07-18 20:44:08 [src.core.communicator] [ERROR] Serial port error/not found: could not open port 'COM3': FileNotFoundError(2, '系統找不到指定的檔案。', None, 2)
2026-07-18 20:44:08 [src.core.communicator] [INFO] Retrying... (246/10000)
2026-07-18 20:44:13 [src.core.communicator] [ERROR] Serial port error/not found: could not open port 'COM3': FileNotFoundError(2, '系統找不到指定的檔案。', None, 2)
2026-07-18 20:44:13 [src.core.communicator] [INFO] Retrying... (247/10000)
2026-07-18 20:44:18 [src.core.communicator] [ERROR] Serial port error/not found: could not open port 'COM3': FileNotFoundError(2, '系統找不到指定的檔案。', None, 2)
2026-07-18 20:44:18 [src.core.communicator] [INFO] Retrying... (248/10000)
2026-07-18 20:44:23 [src.core.communicator] [ERROR] Serial port error/not found: could not open port 'COM3': FileNotFoundError(2, '系統找不到指定的檔案。', None, 2)
2026-07-18 20:44:23 [src.core.communicator] [INFO] Retrying... (249/10000)
2026-07-18 20:44:28 [src.core.communicator] [ERROR] Serial port error/not found: could not open port 'COM3': FileNotFoundError(2, '系統找不到指定的檔案。', None, 2)
2026-07-18 20:44:28 [src.core.communicator] [INFO] Retrying... (250/10000)
2026-07-18 20:44:33 [src.core.communicator] [ERROR] Serial port error/not found: could not open port 'COM3': FileNotFoundError(2, '系統找不到指定的檔案。', None, 2)
2026-07-18 20:44:33 [src.core.communicator] [INFO] Retrying... (251/10000)
2026-07-18 20:44:38 [src.core.communicator] [ERROR] Serial port error/not found: could not open port 'COM3': FileNotFoundError(2, '系統找不到指定的檔案。', None, 2)
2026-07-18 20:44:38 [src.core.communicator] [INFO] Retrying... (252/10000)
2026-07-18 20:44:43 [src.core.communicator] [ERROR] Serial port error/not found: could not open port 'COM3': FileNotFoundError(2, '系統找不到指定的檔案。', None, 2)
2026-07-18 20:44:43 [src.core.communicator] [INFO] Retrying... (253/10000)
2026-07-18 20:44:48 [src.core.communicator] [ERROR] Serial port error/not found: could not open port 'COM3': FileNotFoundError(2, '系統找不到指定的檔案。', None, 2)
2026-07-18 20:44:48 [src.core.communicator] [INFO] Retrying... (254/10000)
2026-07-18 20:44:53 [src.core.communicator] [ERROR] Serial port error/not found: could not open port 'COM3': FileNotFoundError(2, '系統找不到指定的檔案。', None, 2)
2026-07-18 20:44:53 [src.core.communicator] [INFO] Retrying... (255/10000)
2026-07-18 20:44:58 [src.core.communicator] [ERROR] Serial port error/not found: could not open port 'COM3': FileNotFoundError(2, '系統找不到指定的檔案。', None, 2)
2026-07-18 20:44:58 [src.core.communicator] [INFO] Retrying... (256/10000)
2026-07-18 20:45:03 [src.core.communicator] [ERROR] Serial port error/not found: could not open port 'COM3': FileNotFoundError(2, '系統找不到指定的檔案。', None, 2)
2026-07-18 20:45:03 [src.core.communicator] [INFO] Retrying... (257/10000)
2026-07-18 20:45:08 [src.core.communicator] [ERROR] Serial port error/not found: could not open port 'COM3': FileNotFoundError(2, '系統找不到指定的檔案。', None, 2)
2026-07-18 20:45:08 [src.core.communicator] [INFO] Retrying... (258/10000)
2026-07-18 20:45:13 [src.core.communicator] [ERROR] Serial port error/not found: could not open port 'COM3': FileNotFoundError(2, '系統找不到指定的檔案。', None, 2)
2026-07-18 20:45:13 [src.core.communicator] [INFO] Retrying... (259/10000)
2026-07-18 20:45:18 [src.core.communicator] [ERROR] Serial port error/not found: could not open port 'COM3': FileNotFoundError(2, '系統找不到指定的檔案。', None, 2)
2026-07-18 20:45:18 [src.core.communicator] [INFO] Retrying... (260/10000)
2026-07-18 20:45:23 [src.core.communicator] [ERROR] Serial port error/not found: could not open port 'COM3': FileNotFoundError(2, '系統找不到指定的檔案。', None, 2)
2026-07-18 20:45:23 [src.core.communicator] [INFO] Retrying... (261/10000)
2026-07-18 20:45:28 [src.core.communicator] [ERROR] Serial port error/not found: could not open port 'COM3': FileNotFoundError(2, '系統找不到指定的檔案。', None, 2)
2026-07-18 20:45:28 [src.core.communicator] [INFO] Retrying... (262/10000)
2026-07-18 20:45:33 [src.core.communicator] [ERROR] Serial port error/not found: could not open port 'COM3': FileNotFoundError(2, '系統找不到指定的檔案。', None, 2)
2026-07-18 20:45:33 [src.core.communicator] [INFO] Retrying... (263/10000)
2026-07-18 20:45:38 [src.core.communicator] [ERROR] Serial port error/not found: could not open port 'COM3': FileNotFoundError(2, '系統找不到指定的檔案。', None, 2)
2026-07-18 20:45:38 [src.core.communicator] [INFO] Retrying... (264/10000)
2026-07-18 20:45:43 [src.core.communicator] [ERROR] Serial port error/not found: could not open port 'COM3': FileNotFoundError(2, '系統找不到指定的檔案。', None, 2)
2026-07-18 20:45:43 [src.core.communicator] [INFO] Retrying... (265/10000)
2026-07-18 20:45:48 [src.core.communicator] [ERROR] Serial port error/not found: could not open port 'COM3': FileNotFoundError(2, '系統找不到指定的檔案。', None, 2)
2026-07-18 20:45:48 [src.core.communicator] [INFO] Retrying... (266/10000)
2026-07-18 20:45:53 [src.core.communicator] [ERROR] Serial port error/not found: could not open port 'COM3': FileNotFoundError(2, '系統找不到指定的檔案。', None, 2)
2026-07-18 20:45:53 [src.core.communicator] [INFO] Retrying... (267/10000)
2026-07-18 20:45:58 [src.core.communicator] [ERROR] Serial port error/not found: could not open port 'COM3': FileNotFoundError(2, '系統找不到指定的檔案。', None, 2)
2026-07-18 20:45:58 [src.core.communicator] [INFO] Retrying... (268/10000)
2026-07-18 20:46:03 [src.core.communicator] [ERROR] Serial port error/not found: could not open port 'COM3': FileNotFoundError(2, '系統找不到指定的檔案。', None, 2)
2026-07-18 20:46:03 [src.core.communicator] [INFO] Retrying... (269/10000)
2026-07-18 20:46:08 [src.core.communicator] [ERROR] Serial port error/not found: could not open port 'COM3': FileNotFoundError(2, '系統找不到指定的檔案。', None, 2)
2026-07-18 20:46:08 [src.core.communicator] [INFO] Retrying... (270/10000)
2026-07-18 20:46:13 [src.core.communicator] [ERROR] Serial port error/not found: could not open port 'COM3': FileNotFoundError(2, '系統找不到指定的檔案。', None, 2)
2026-07-18 20:46:13 [src.core.communicator] [INFO] Retrying... (271/10000)
2026-07-18 20:46:18 [src.core.communicator] [ERROR] Serial port error/not found: could not open port 'COM3': FileNotFoundError(2, '系統找不到指定的檔案。', None, 2)
2026-07-18 20:46:18 [src.core.communicator] [INFO] Retrying... (272/10000)
2026-07-18 20:46:23 [src.core.communicator] [ERROR] Serial port error/not found: could not open port 'COM3': FileNotFoundError(2, '系統找不到指定的檔案。', None, 2)
2026-07-18 20:46:23 [src.core.communicator] [INFO] Retrying... (273/10000)
2026-07-18 20:46:28 [src.core.communicator] [ERROR] Serial port error/not found: could not open port 'COM3': FileNotFoundError(2, '系統找不到指定的檔案。', None, 2)
2026-07-18 20:46:28 [src.core.communicator] [INFO] Retrying... (274/10000)
2026-07-18 20:46:33 [src.core.communicator] [ERROR] Serial port error/not found: could not open port 'COM3': FileNotFoundError(2, '系統找不到指定的檔案。', None, 2)
2026-07-18 20:46:33 [src.core.communicator] [INFO] Retrying... (275/10000)
2026-07-18 20:46:38 [src.core.communicator] [ERROR] Serial port error/not found: could not open port 'COM3': FileNotFoundError(2, '系統找不到指定的檔案。', None, 2)
2026-07-18 20:46:38 [src.core.communicator] [INFO] Retrying... (276/10000)
2026-07-18 20:46:43 [src.core.communicator] [ERROR] Serial port error/not found: could not open port 'COM3': FileNotFoundError(2, '系統找不到指定的檔案。', None, 2)
2026-07-18 20:46:43 [src.core.communicator] [INFO] Retrying... (277/10000)
2026-07-18 20:46:48 [src.core.communicator] [ERROR] Serial port error/not found: could not open port 'COM3': FileNotFoundError(2, '系統找不到指定的檔案。', None, 2)
2026-07-18 20:46:48 [src.core.communicator] [INFO] Retrying... (278/10000)
2026-07-18 20:46:53 [src.core.communicator] [ERROR] Serial port error/not found: could not open port 'COM3': FileNotFoundError(2, '系統找不到指定的檔案。', None, 2)
2026-07-18 20:46:53 [src.core.communicator] [INFO] Retrying... (279/10000)
2026-07-18 20:46:58 [src.core.communicator] [ERROR] Serial port error/not found: could not open port 'COM3': FileNotFoundError(2, '系統找不到指定的檔案。', None, 2)
2026-07-18 20:46:58 [src.core.communicator] [INFO] Retrying... (280/10000)
2026-07-18 20:47:03 [src.core.communicator] [ERROR] Serial port error/not found: could not open port 'COM3': FileNotFoundError(2, '系統找不到指定的檔案。', None, 2)
2026-07-18 20:47:03 [src.core.communicator] [INFO] Retrying... (281/10000)
2026-07-18 20:47:08 [src.core.communicator] [ERROR] Serial port error/not found: could not open port 'COM3': FileNotFoundError(2, '系統找不到指定的檔案。', None, 2)
2026-07-18 20:47:08 [src.core.communicator] [INFO] Retrying... (282/10000)
2026-07-18 20:47:13 [src.core.communicator] [ERROR] Serial port error/not found: could not open port 'COM3': FileNotFoundError(2, '系統找不到指定的檔案。', None, 2)
2026-07-18 20:47:13 [src.core.communicator] [INFO] Retrying... (283/10000)
2026-07-18 20:47:18 [src.core.communicator] [ERROR] Serial port error/not found: could not open port 'COM3': FileNotFoundError(2, '系統找不到指定的檔案。', None, 2)
2026-07-18 20:47:18 [src.core.communicator] [INFO] Retrying... (284/10000)
2026-07-18 20:47:23 [src.core.communicator] [ERROR] Serial port error/not found: could not open port 'COM3': FileNotFoundError(2, '系統找不到指定的檔案。', None, 2)
2026-07-18 20:47:23 [src.core.communicator] [INFO] Retrying... (285/10000)
2026-07-18 20:47:28 [src.core.communicator] [ERROR] Serial port error/not found: could not open port 'COM3': FileNotFoundError(2, '系統找不到指定的檔案。', None, 2)
2026-07-18 20:47:28 [src.core.communicator] [INFO] Retrying... (286/10000)
2026-07-18 20:47:33 [src.core.communicator] [ERROR] Serial port error/not found: could not open port 'COM3': FileNotFoundError(2, '系統找不到指定的檔案。', None, 2)
2026-07-18 20:47:33 [src.core.communicator] [INFO] Retrying... (287/10000)
2026-07-18 20:47:38 [src.core.communicator] [ERROR] Serial port error/not found: could not open port 'COM3': FileNotFoundError(2, '系統找不到指定的檔案。', None, 2)
2026-07-18 20:47:38 [src.core.communicator] [INFO] Retrying... (288/10000)
2026-07-18 20:47:43 [src.core.communicator] [ERROR] Serial port error/not found: could not open port 'COM3': FileNotFoundError(2, '系統找不到指定的檔案。', None, 2)
2026-07-18 20:47:43 [src.core.communicator] [INFO] Retrying... (289/10000)
2026-07-18 20:47:48 [src.core.communicator] [ERROR] Serial port error/not found: could not open port 'COM3': FileNotFoundError(2, '系統找不到指定的檔案。', None, 2)
2026-07-18 20:47:48 [src.core.communicator] [INFO] Retrying... (290/10000)
2026-07-18 20:47:53 [src.core.communicator] [ERROR] Serial port error/not found: could not open port 'COM3': FileNotFoundError(2, '系統找不到指定的檔案。', None, 2)
2026-07-18 20:47:53 [src.core.communicator] [INFO] Retrying... (291/10000)
2026-07-18 20:47:58 [src.core.communicator] [ERROR] Serial port error/not found: could not open port 'COM3': FileNotFoundError(2, '系統找不到指定的檔案。', None, 2)
2026-07-18 20:47:58 [src.core.communicator] [INFO] Retrying... (292/10000)
2026-07-18 20:48:03 [src.core.communicator] [ERROR] Serial port error/not found: could not open port 'COM3': FileNotFoundError(2, '系統找不到指定的檔案。', None, 2)
2026-07-18 20:48:03 [src.core.communicator] [INFO] Retrying... (293/10000)
2026-07-18 20:48:08 [src.core.communicator] [ERROR] Serial port error/not found: could not open port 'COM3': FileNotFoundError(2, '系統找不到指定的檔案。', None, 2)
2026-07-18 20:48:08 [src.core.communicator] [INFO] Retrying... (294/10000)
2026-07-18 20:48:13 [src.core.communicator] [ERROR] Serial port error/not found: could not open port 'COM3': FileNotFoundError(2, '系統找不到指定的檔案。', None, 2)
2026-07-18 20:48:13 [src.core.communicator] [INFO] Retrying... (295/10000)
2026-07-18 20:48:18 [src.core.communicator] [INFO] Serial communication stopped
